<?xml version="1.0" encoding="UTF-8"?>
<databaseChangeLog
        xmlns="http://www.liquibase.org/xml/ns/dbchangelog"
        xmlns:xsi="http://www.w3.org/2001/XMLSchema-instance"
        xsi:schemaLocation="http://www.liquibase.org/xml/ns/dbchangelog
                      http://www.liquibase.org/xml/ns/dbchangelog/dbchangelog-3.1.xsd">

    <changeSet author="laputski" id="insert-default-users">
        <insert tableName="app_user">
            <column name="name" value="admin"/>
            <column name="password" value="admin"/>
            <column name="enable" value="true"/>
            <column name="role" value="admin"/>
        </insert>

        <insert tableName="app_user">
            <column name="name" value="test"/>
            <column name="password" value="test"/>
            <column name="enable" value="true"/>
            <column name="role" value="admin"/>
        </insert>
    </changeSet>

    <changeSet author="reyantovich" id="create-default-sensors">



    </changeSet>

    <changeSet author="reyantovich" id="create-default-scripts">





    </changeSet>

</databaseChangeLog>